# JRE version: OpenJDK Runtime Environment (11.0.11+9) (build 11.0.11+9-Ubuntu-0ubuntu2.18.04)
# Java VM: OpenJDK 64-Bit Server VM (11.0.11+9-Ubuntu-0ubuntu2.18.04, mixed mode, sharing, tiered, compressed oops, concurrent mark sweep gc, linux-amd64)
Heap:
 par new generation   total 4928K, used 1779K [0x00000000f0000000, 0x00000000f0550000, 0x00000000f5330000)
  eden space 4416K,  28% used [0x00000000f0000000, 0x00000000f013ce10, 0x00000000f0450000)
  from space 512K, 100% used [0x00000000f0450000, 0x00000000f04d0000, 0x00000000f04d0000)
  to   space 512K,   0% used [0x00000000f04d0000, 0x00000000f04d0000, 0x00000000f0550000)
 concurrent mark-sweep generation total 10944K, used 3456K [0x00000000f5330000, 0x00000000f5de0000, 0x0000000100000000)
 Metaspace       used 5878K, capacity 6561K, committed 6912K, reserved 1056768K
  class space    used 549K, capacity 656K, committed 768K, reserved 1048576K
GC Heap History (8 events):
Event: 1.505 GC heap before
{Heap before GC invocations=0 (full 0):
 par new generation   total 4928K, used 4416K [0x00000000f0000000, 0x00000000f0550000, 0x00000000f5330000)
  eden space 4416K, 100% used [0x00000000f0000000, 0x00000000f0450000, 0x00000000f0450000)
  from space 512K,   0% used [0x00000000f0450000, 0x00000000f0450000, 0x00000000f04d0000)
  to   space 512K,   0% used [0x00000000f04d0000, 0x00000000f04d0000, 0x00000000f0550000)
 concurrent mark-sweep generation total 10944K, used 0K [0x00000000f5330000, 0x00000000f5de0000, 0x0000000100000000)
 Metaspace       used 2943K, capacity 4786K, committed 4864K, reserved 1056768K
  class space    used 282K, capacity 449K, committed 512K, reserved 1048576K
}
Event: 1.573 GC heap after
{Heap after GC invocations=1 (full 0):
 par new generation   total 4928K, used 512K [0x00000000f0000000, 0x00000000f0550000, 0x00000000f5330000)
  eden space 4416K,   0% used [0x00000000f0000000, 0x00000000f0000000, 0x00000000f0450000)
  from space 512K, 100% used [0x00000000f04d0000, 0x00000000f0550000, 0x00000000f0550000)
  to   space 512K,   0% used [0x00000000f0450000, 0x00000000f0450000, 0x00000000f04d0000)
 concurrent mark-sweep generation total 10944K, used 1404K [0x00000000f5330000, 0x00000000f5de0000, 0x0000000100000000)
 Metaspace       used 2943K, capacity 4786K, committed 4864K, reserved 1056768K
  class space    used 282K, capacity 449K, committed 512K, reserved 1048576K
}
Event: 2.184 GC heap before
{Heap before GC invocations=1 (full 0):
 par new generation   total 4928K, used 4925K [0x00000000f0000000, 0x00000000f0550000, 0x00000000f5330000)
  eden space 4416K,  99% used [0x00000000f0000000, 0x00000000f044f540, 0x00000000f0450000)
  from space 512K, 100% used [0x00000000f04d0000, 0x00000000f0550000, 0x00000000f0550000)
  to   space 512K,   0% used [0x00000000f0450000, 0x00000000f0450000, 0x00000000f04d0000)
 concurrent mark-sweep generation total 10944K, used 1404K [0x00000000f5330000, 0x00000000f5de0000, 0x0000000100000000)
 Metaspace       used 3603K, capacity 5050K, committed 5120K, reserved 1056768K
  class space    used 349K, capacity 497K, committed 512K, reserved 1048576K
}
Event: 2.192 GC heap after
{Heap after GC invocations=2 (full 0):
 par new generation   total 4928K, used 512K [0x00000000f0000000, 0x00000000f0550000, 0x00000000f5330000)
  eden space 4416K,   0% used [0x00000000f0000000, 0x00000000f0000000, 0x00000000f0450000)
  from space 512K, 100% used [0x00000000f0450000, 0x00000000f04d0000, 0x00000000f04d0000)
  to   space 512K,   0% used [0x00000000f04d0000, 0x00000000f04d0000, 0x00000000f0550000)
 concurrent mark-sweep generation total 10944K, used 2067K [0x00000000f5330000, 0x00000000f5de0000, 0x0000000100000000)
 Metaspace       used 3603K, capacity 5050K, committed 5120K, reserved 1056768K
  class space    used 349K, capacity 497K, committed 512K, reserved 1048576K
}
Event: 2.755 GC heap before
{Heap before GC invocations=2 (full 0):
 par new generation   total 4928K, used 4922K [0x00000000f0000000, 0x00000000f0550000, 0x00000000f5330000)
  eden space 4416K,  99% used [0x00000000f0000000, 0x00000000f044ea08, 0x00000000f0450000)
  from space 512K, 100% used [0x00000000f0450000, 0x00000000f04d0000, 0x00000000f04d0000)
  to   space 512K,   0% used [0x00000000f04d0000, 0x00000000f04d0000, 0x00000000f0550000)
 concurrent mark-sweep generation total 10944K, used 2067K [0x00000000f5330000, 0x00000000f5de0000, 0x0000000100000000)
 Metaspace       used 4283K, capacity 5530K, committed 5760K, reserved 1056768K
  class space    used 408K, capacity 529K, committed 640K, reserved 1048576K
}
Event: 2.782 GC heap after
{Heap after GC invocations=3 (full 0):
 par new generation   total 4928K, used 512K [0x00000000f0000000, 0x00000000f0550000, 0x00000000f5330000)
  eden space 4416K,   0% used [0x00000000f0000000, 0x00000000f0000000, 0x00000000f0450000)
  from space 512K, 100% used [0x00000000f04d0000, 0x00000000f0550000, 0x00000000f0550000)
  to   space 512K,   0% used [0x00000000f0450000, 0x00000000f0450000, 0x00000000f04d0000)
 concurrent mark-sweep generation total 10944K, used 2506K [0x00000000f5330000, 0x00000000f5de0000, 0x0000000100000000)
 Metaspace       used 4283K, capacity 5530K, committed 5760K, reserved 1056768K
  class space    used 408K, capacity 529K, committed 640K, reserved 1048576K
}
Event: 3.861 GC heap before
{Heap before GC invocations=3 (full 0):
 par new generation   total 4928K, used 4928K [0x00000000f0000000, 0x00000000f0550000, 0x00000000f5330000)
  eden space 4416K, 100% used [0x00000000f0000000, 0x00000000f0450000, 0x00000000f0450000)
  from space 512K, 100% used [0x00000000f04d0000, 0x00000000f0550000, 0x00000000f0550000)
  to   space 512K,   0% used [0x00000000f0450000, 0x00000000f0450000, 0x00000000f04d0000)
 concurrent mark-sweep generation total 10944K, used 2506K [0x00000000f5330000, 0x00000000f5de0000, 0x0000000100000000)
 Metaspace       used 5497K, capacity 6270K, committed 6528K, reserved 1056768K
  class space    used 520K, capacity 623K, committed 640K, reserved 1048576K
}
Event: 3.887 GC heap after
{Heap after GC invocations=4 (full 0):
 par new generation   total 4928K, used 512K [0x00000000f0000000, 0x00000000f0550000, 0x00000000f5330000)
  eden space 4416K,   0% used [0x00000000f0000000, 0x00000000f0000000, 0x00000000f0450000)
  from space 512K, 100% used [0x00000000f0450000, 0x00000000f04d0000, 0x00000000f04d0000)
  to   space 512K,   0% used [0x00000000f04d0000, 0x00000000f04d0000, 0x00000000f0550000)
 concurrent mark-sweep generation total 10944K, used 3456K [0x00000000f5330000, 0x00000000f5de0000, 0x0000000100000000)
 Metaspace       used 5497K, capacity 6270K, committed 6528K, reserved 1056768K
  class space    used 520K, capacity 623K, committed 640K, reserved 1048576K
}

